# JRE version: OpenJDK Runtime Environment (9.0) (build 9-internal+0-2016-04-14-195246.buildd.src)
# Java VM: OpenJDK 64-Bit Server VM (9-internal+0-2016-04-14-195246.buildd.src, mixed mode, tiered, compressed oops, g1 gc, linux-amd64)
Heap:
 garbage-first heap   total 32768K, used 17586K [0x00000000e8000000, 0x00000000e8100100, 0x0000000100000000)
  region size 1024K, 2 young (2048K), 1 survivors (1024K)
 Metaspace       used 17237K, capacity 17750K, committed 17920K, reserved 1064960K
  class space    used 2022K, capacity 2206K, committed 2304K, reserved 1048576K
GC Heap History (10 events):
Event: 5,494 GC heap before
{Heap before GC invocations=19 (full 0):
 garbage-first heap   total 16384K, used 12246K [0x00000000e8000000, 0x00000000e8100080, 0x0000000100000000)
  region size 1024K, 2 young (2048K), 1 survivors (1024K)
 Metaspace       used 8988K, capacity 9228K, committed 9344K, reserved 1056768K
  class space    used 960K, capacity 1065K, committed 1152K, reserved 1048576K
}
Event: 5,496 GC heap after
{Heap after GC invocations=20 (full 0):
 garbage-first heap   total 16384K, used 11393K [0x00000000e8000000, 0x00000000e8100080, 0x0000000100000000)
  region size 1024K, 1 young (1024K), 1 survivors (1024K)
 Metaspace       used 8988K, capacity 9228K, committed 9344K, reserved 1056768K
  class space    used 960K, capacity 1065K, committed 1152K, reserved 1048576K
}
Event: 5,529 GC heap before
{Heap before GC invocations=21 (full 0):
 garbage-first heap   total 16384K, used 12417K [0x00000000e8000000, 0x00000000e8100080, 0x0000000100000000)
  region size 1024K, 2 young (2048K), 1 survivors (1024K)
 Metaspace       used 9980K, capacity 10252K, committed 10496K, reserved 1058816K
  class space    used 1112K, capacity 1217K, committed 1280K, reserved 1048576K
}
Event: 5,532 GC heap after
{Heap after GC invocations=22 (full 0):
 garbage-first heap   total 32768K, used 11421K [0x00000000e8000000, 0x00000000e8100100, 0x0000000100000000)
  region size 1024K, 1 young (1024K), 1 survivors (1024K)
 Metaspace       used 9980K, capacity 10252K, committed 10496K, reserved 1058816K
  class space    used 1112K, capacity 1217K, committed 1280K, reserved 1048576K
}
Event: 5,724 GC heap before
{Heap before GC invocations=22 (full 0):
 garbage-first heap   total 32768K, used 20637K [0x00000000e8000000, 0x00000000e8100100, 0x0000000100000000)
  region size 1024K, 10 young (10240K), 1 survivors (1024K)
 Metaspace       used 14488K, capacity 14942K, committed 15232K, reserved 1062912K
  class space    used 1651K, capacity 1820K, committed 1920K, reserved 1048576K
}
Event: 5,727 GC heap after
{Heap after GC invocations=23 (full 0):
 garbage-first heap   total 32768K, used 13697K [0x00000000e8000000, 0x00000000e8100100, 0x0000000100000000)
  region size 1024K, 2 young (2048K), 2 survivors (2048K)
 Metaspace       used 14488K, capacity 14942K, committed 15232K, reserved 1062912K
  class space    used 1651K, capacity 1820K, committed 1920K, reserved 1048576K
}
Event: 5,810 GC heap before
{Heap before GC invocations=23 (full 0):
 garbage-first heap   total 32768K, used 21889K [0x00000000e8000000, 0x00000000e8100100, 0x0000000100000000)
  region size 1024K, 10 young (10240K), 2 survivors (2048K)
 Metaspace       used 14524K, capacity 14942K, committed 15232K, reserved 1062912K
  class space    used 1651K, capacity 1820K, committed 1920K, reserved 1048576K
}
Event: 5,814 GC heap after
{Heap after GC invocations=24 (full 0):
 garbage-first heap   total 32768K, used 16271K [0x00000000e8000000, 0x00000000e8100100, 0x0000000100000000)
  region size 1024K, 2 young (2048K), 2 survivors (2048K)
 Metaspace       used 14524K, capacity 14942K, committed 15232K, reserved 1062912K
  class space    used 1651K, capacity 1820K, committed 1920K, reserved 1048576K
}
Event: 5,969 GC heap before
{Heap before GC invocations=24 (full 0):
 garbage-first heap   total 32768K, used 22415K [0x00000000e8000000, 0x00000000e8100100, 0x0000000100000000)
  region size 1024K, 8 young (8192K), 2 survivors (2048K)
 Metaspace       used 16316K, capacity 16902K, committed 17024K, reserved 1064960K
  class space    used 1862K, capacity 2072K, committed 2176K, reserved 1048576K
}
Event: 5,974 GC heap after
{Heap after GC invocations=25 (full 0):
 garbage-first heap   total 32768K, used 17586K [0x00000000e8000000, 0x00000000e8100100, 0x0000000100000000)
  region size 1024K, 1 young (1024K), 1 survivors (1024K)
 Metaspace       used 16316K, capacity 16902K, committed 17024K, reserved 1064960K
  class space    used 1862K, capacity 2072K, committed 2176K, reserved 1048576K
}

