# JRE version: OpenJDK Runtime Environment (9.0) (build 9-internal+0-2016-04-14-195246.buildd.src)
# Java VM: OpenJDK 64-Bit Server VM (9-internal+0-2016-04-14-195246.buildd.src, mixed mode, tiered, compressed oops, g1 gc, linux-amd64)
Heap:
 garbage-first heap   total 54272K, used 18434K [0x00000000e8000000, 0x00000000e81001a8, 0x0000000100000000)
  region size 1024K, 3 young (3072K), 1 survivors (1024K)
 Metaspace       used 17399K, capacity 18020K, committed 18176K, reserved 1064960K
  class space    used 2039K, capacity 2209K, committed 2304K, reserved 1048576K
GC Heap History (10 events):
Event: 5,542 GC heap before
{Heap before GC invocations=21 (full 0):
 garbage-first heap   total 16384K, used 12445K [0x00000000e8000000, 0x00000000e8100080, 0x0000000100000000)
  region size 1024K, 2 young (2048K), 1 survivors (1024K)
 Metaspace       used 10021K, capacity 10252K, committed 10496K, reserved 1058816K
  class space    used 1123K, capacity 1217K, committed 1280K, reserved 1048576K
}
Event: 5,543 GC heap after
{Heap after GC invocations=22 (full 0):
 garbage-first heap   total 29696K, used 11445K [0x00000000e8000000, 0x00000000e81000e8, 0x0000000100000000)
  region size 1024K, 1 young (1024K), 1 survivors (1024K)
 Metaspace       used 10021K, capacity 10252K, committed 10496K, reserved 1058816K
  class space    used 1123K, capacity 1217K, committed 1280K, reserved 1048576K
}
Event: 5,713 GC heap before
{Heap before GC invocations=23 (full 0):
 garbage-first heap   total 29696K, used 18613K [0x00000000e8000000, 0x00000000e81000e8, 0x0000000100000000)
  region size 1024K, 8 young (8192K), 1 survivors (1024K)
 Metaspace       used 13789K, capacity 14152K, committed 14336K, reserved 1062912K
  class space    used 1563K, capacity 1701K, committed 1792K, reserved 1048576K
}
Event: 5,715 GC heap after
{Heap after GC invocations=24 (full 0):
 garbage-first heap   total 29696K, used 12976K [0x00000000e8000000, 0x00000000e81000e8, 0x0000000100000000)
  region size 1024K, 1 young (1024K), 1 survivors (1024K)
 Metaspace       used 13789K, capacity 14152K, committed 14336K, reserved 1062912K
  class space    used 1563K, capacity 1701K, committed 1792K, reserved 1048576K
}
Event: 5,822 GC heap before
{Heap before GC invocations=24 (full 0):
 garbage-first heap   total 29696K, used 20144K [0x00000000e8000000, 0x00000000e81000e8, 0x0000000100000000)
  region size 1024K, 8 young (8192K), 1 survivors (1024K)
 Metaspace       used 14504K, capacity 14942K, committed 15232K, reserved 1062912K
  class space    used 1651K, capacity 1820K, committed 1920K, reserved 1048576K
}
Event: 5,830 GC heap after
{Heap after GC invocations=25 (full 0):
 garbage-first heap   total 29696K, used 15663K [0x00000000e8000000, 0x00000000e81000e8, 0x0000000100000000)
  region size 1024K, 1 young (1024K), 1 survivors (1024K)
 Metaspace       used 14504K, capacity 14942K, committed 15232K, reserved 1062912K
  class space    used 1651K, capacity 1820K, committed 1920K, reserved 1048576K
}
Event: 5,903 GC heap before
{Heap before GC invocations=25 (full 0):
 garbage-first heap   total 29696K, used 20783K [0x00000000e8000000, 0x00000000e81000e8, 0x0000000100000000)
  region size 1024K, 6 young (6144K), 1 survivors (1024K)
 Metaspace       used 15786K, capacity 16320K, committed 16640K, reserved 1064960K
  class space    used 1802K, capacity 1983K, committed 2048K, reserved 1048576K
}
Event: 5,906 GC heap after
{Heap after GC invocations=26 (full 0):
 garbage-first heap   total 29696K, used 16922K [0x00000000e8000000, 0x00000000e81000e8, 0x0000000100000000)
  region size 1024K, 1 young (1024K), 1 survivors (1024K)
 Metaspace       used 15786K, capacity 16320K, committed 16640K, reserved 1064960K
  class space    used 1802K, capacity 1983K, committed 2048K, reserved 1048576K
}
Event: 6,112 GC heap before
{Heap before GC invocations=27 (full 0):
 garbage-first heap   total 29696K, used 21018K [0x00000000e8000000, 0x00000000e81000e8, 0x0000000100000000)
  region size 1024K, 5 young (5120K), 1 survivors (1024K)
 Metaspace       used 16315K, capacity 16880K, committed 16896K, reserved 1064960K
  class space    used 1861K, capacity 2041K, committed 2048K, reserved 1048576K
}
Event: 6,115 GC heap after
{Heap after GC invocations=28 (full 0):
 garbage-first heap   total 54272K, used 17410K [0x00000000e8000000, 0x00000000e81001a8, 0x0000000100000000)
  region size 1024K, 1 young (1024K), 1 survivors (1024K)
 Metaspace       used 16315K, capacity 16880K, committed 16896K, reserved 1064960K
  class space    used 1861K, capacity 2041K, committed 2048K, reserved 1048576K
}

