# JRE version: OpenJDK Runtime Environment (9.0) (build 9-internal+0-2016-04-14-195246.buildd.src)
# Java VM: OpenJDK 64-Bit Server VM (9-internal+0-2016-04-14-195246.buildd.src, mixed mode, tiered, compressed oops, g1 gc, linux-amd64)
Heap:
 garbage-first heap   total 33792K, used 17889K [0x00000000e8000000, 0x00000000e8100108, 0x0000000100000000)
  region size 1024K, 2 young (2048K), 1 survivors (1024K)
 Metaspace       used 17190K, capacity 17750K, committed 17920K, reserved 1064960K
  class space    used 2022K, capacity 2206K, committed 2304K, reserved 1048576K
GC Heap History (10 events):
Event: 5,499 GC heap before
{Heap before GC invocations=19 (full 0):
 garbage-first heap   total 16384K, used 12775K [0x00000000e8000000, 0x00000000e8100080, 0x0000000100000000)
  region size 1024K, 2 young (2048K), 1 survivors (1024K)
 Metaspace       used 8988K, capacity 9228K, committed 9344K, reserved 1056768K
  class space    used 960K, capacity 1065K, committed 1152K, reserved 1048576K
}
Event: 5,501 GC heap after
{Heap after GC invocations=20 (full 0):
 garbage-first heap   total 16384K, used 11913K [0x00000000e8000000, 0x00000000e8100080, 0x0000000100000000)
  region size 1024K, 1 young (1024K), 1 survivors (1024K)
 Metaspace       used 8988K, capacity 9228K, committed 9344K, reserved 1056768K
  class space    used 960K, capacity 1065K, committed 1152K, reserved 1048576K
}
Event: 5,531 GC heap before
{Heap before GC invocations=20 (full 0):
 garbage-first heap   total 16384K, used 12937K [0x00000000e8000000, 0x00000000e8100080, 0x0000000100000000)
  region size 1024K, 2 young (2048K), 1 survivors (1024K)
 Metaspace       used 9981K, capacity 10252K, committed 10496K, reserved 1058816K
  class space    used 1112K, capacity 1217K, committed 1280K, reserved 1048576K
}
Event: 5,534 GC heap after
{Heap after GC invocations=21 (full 0):
 garbage-first heap   total 33792K, used 11544K [0x00000000e8000000, 0x00000000e8100108, 0x0000000100000000)
  region size 1024K, 1 young (1024K), 1 survivors (1024K)
 Metaspace       used 9981K, capacity 10252K, committed 10496K, reserved 1058816K
  class space    used 1112K, capacity 1217K, committed 1280K, reserved 1048576K
}
Event: 5,726 GC heap before
{Heap before GC invocations=21 (full 0):
 garbage-first heap   total 33792K, used 20760K [0x00000000e8000000, 0x00000000e8100108, 0x0000000100000000)
  region size 1024K, 10 young (10240K), 1 survivors (1024K)
 Metaspace       used 14463K, capacity 14942K, committed 15232K, reserved 1062912K
  class space    used 1651K, capacity 1820K, committed 1920K, reserved 1048576K
}
Event: 5,729 GC heap after
{Heap after GC invocations=22 (full 0):
 garbage-first heap   total 33792K, used 13901K [0x00000000e8000000, 0x00000000e8100108, 0x0000000100000000)
  region size 1024K, 2 young (2048K), 2 survivors (2048K)
 Metaspace       used 14463K, capacity 14942K, committed 15232K, reserved 1062912K
  class space    used 1651K, capacity 1820K, committed 1920K, reserved 1048576K
}
Event: 5,787 GC heap before
{Heap before GC invocations=22 (full 0):
 garbage-first heap   total 33792K, used 22093K [0x00000000e8000000, 0x00000000e8100108, 0x0000000100000000)
  region size 1024K, 10 young (10240K), 2 survivors (2048K)
 Metaspace       used 14511K, capacity 14942K, committed 15232K, reserved 1062912K
  class space    used 1651K, capacity 1820K, committed 1920K, reserved 1048576K
}
Event: 5,791 GC heap after
{Heap after GC invocations=23 (full 0):
 garbage-first heap   total 33792K, used 16450K [0x00000000e8000000, 0x00000000e8100108, 0x0000000100000000)
  region size 1024K, 2 young (2048K), 2 survivors (2048K)
 Metaspace       used 14511K, capacity 14942K, committed 15232K, reserved 1062912K
  class space    used 1651K, capacity 1820K, committed 1920K, reserved 1048576K
}
Event: 5,969 GC heap before
{Heap before GC invocations=23 (full 0):
 garbage-first heap   total 33792K, used 22594K [0x00000000e8000000, 0x00000000e8100108, 0x0000000100000000)
  region size 1024K, 8 young (8192K), 2 survivors (2048K)
 Metaspace       used 16288K, capacity 16902K, committed 17024K, reserved 1064960K
  class space    used 1862K, capacity 2072K, committed 2176K, reserved 1048576K
}
Event: 5,975 GC heap after
{Heap after GC invocations=24 (full 0):
 garbage-first heap   total 33792K, used 17889K [0x00000000e8000000, 0x00000000e8100108, 0x0000000100000000)
  region size 1024K, 1 young (1024K), 1 survivors (1024K)
 Metaspace       used 16288K, capacity 16902K, committed 17024K, reserved 1064960K
  class space    used 1862K, capacity 2072K, committed 2176K, reserved 1048576K
}

